<?xml version="1.0" encoding="UTF-8"?>
<testng-results skipped="0" failed="1" total="7" passed="6">
  <reporter-output>
  </reporter-output>
  <suite name="Default suite" duration-ms="13590" started-at="2018-06-20T10:58:57Z" finished-at="2018-06-20T10:59:11Z">
    <groups>
    </groups>
    <test name="Default test" duration-ms="13590" started-at="2018-06-20T10:58:57Z" finished-at="2018-06-20T10:59:11Z">
      <class name="com.qait.automation.PageObjectAutomation.NewTest">
        <test-method status="PASS" signature="connectionWithChromeAndOpenLink()[pri:0, instance:com.qait.automation.PageObjectAutomation.NewTest@9629756]" name="connectionWithChromeAndOpenLink" is-config="true" duration-ms="4705" started-at="2018-06-20T16:28:57Z" finished-at="2018-06-20T16:29:02Z">
          <reporter-output>
          </reporter-output>
        </test-method> <!-- connectionWithChromeAndOpenLink -->
        <test-method status="PASS" signature="testBasicCourseLinkPage()[pri:0, instance:com.qait.automation.PageObjectAutomation.NewTest@9629756]" name="testBasicCourseLinkPage" duration-ms="492" started-at="2018-06-20T16:29:02Z" finished-at="2018-06-20T16:29:02Z">
          <reporter-output>
          </reporter-output>
        </test-method> <!-- testBasicCourseLinkPage -->
        <test-method status="PASS" signature="testGridGatePageForRedBox()[pri:0, instance:com.qait.automation.PageObjectAutomation.NewTest@9629756]" name="testGridGatePageForRedBox" duration-ms="207" started-at="2018-06-20T16:29:02Z" finished-at="2018-06-20T16:29:03Z">
          <reporter-output>
          </reporter-output>
        </test-method> <!-- testGridGatePageForRedBox -->
        <test-method status="PASS" signature="testGridGatePageForGreenBox()[pri:0, instance:com.qait.automation.PageObjectAutomation.NewTest@9629756]" name="testGridGatePageForGreenBox" duration-ms="453" started-at="2018-06-20T16:29:03Z" depends-on-methods="com.qait.automation.PageObjectAutomation.NewTest.testGridGatePageForRedBox" finished-at="2018-06-20T16:29:03Z">
          <reporter-output>
          </reporter-output>
        </test-method> <!-- testGridGatePageForGreenBox -->
        <test-method status="PASS" signature="testFrameDungeonPage()[pri:0, instance:com.qait.automation.PageObjectAutomation.NewTest@9629756]" name="testFrameDungeonPage" duration-ms="3231" started-at="2018-06-20T16:29:03Z" depends-on-methods="com.qait.automation.PageObjectAutomation.NewTest.testGridGatePageForGreenBox" finished-at="2018-06-20T16:29:06Z">
          <reporter-output>
          </reporter-output>
        </test-method> <!-- testFrameDungeonPage -->
        <test-method status="PASS" signature="testDragAroundPage()[pri:0, instance:com.qait.automation.PageObjectAutomation.NewTest@9629756]" name="testDragAroundPage" duration-ms="611" started-at="2018-06-20T16:29:06Z" depends-on-methods="com.qait.automation.PageObjectAutomation.NewTest.testFrameDungeonPage" finished-at="2018-06-20T16:29:07Z">
          <reporter-output>
          </reporter-output>
        </test-method> <!-- testDragAroundPage -->
        <test-method status="PASS" signature="testWindowPage()[pri:0, instance:com.qait.automation.PageObjectAutomation.NewTest@9629756]" name="testWindowPage" duration-ms="3149" started-at="2018-06-20T16:29:07Z" depends-on-methods="com.qait.automation.PageObjectAutomation.NewTest.testDragAroundPage" finished-at="2018-06-20T16:29:10Z">
          <reporter-output>
          </reporter-output>
        </test-method> <!-- testWindowPage -->
        <test-method status="FAIL" signature="testCookieHandlingPage()[pri:0, instance:com.qait.automation.PageObjectAutomation.NewTest@9629756]" name="testCookieHandlingPage" duration-ms="711" started-at="2018-06-20T16:29:10Z" depends-on-methods="com.qait.automation.PageObjectAutomation.NewTest.testWindowPage" finished-at="2018-06-20T16:29:11Z">
          <exception class="org.openqa.selenium.NoSuchElementException">
            <message>
              <![CDATA[no such element: Unable to locate element: {"method":"class name","selector":"Finish"}
  (Session info: chrome=67.0.3396.87)
  (Driver info: chromedriver=2.40.565498 (ea082db3280dd6843ebfb08a625e3eb905c4f5ab),platform=Windows NT 6.3.9600 x86_64) (WARNING: The server did not provide any stacktrace information)
Command duration or timeout: 0 milliseconds
For documentation on this error, please visit: http://seleniumhq.org/exceptions/no_such_element.html
Build info: version: '3.12.0', revision: '7c6e0b3', time: '2018-05-08T14:04:26.12Z'
System info: host: 'HPDB0273', ip: '10.0.36.70', os.name: 'Windows 8.1', os.arch: 'amd64', os.version: '6.3', java.version: '1.8.0_91'
Driver info: org.openqa.selenium.chrome.ChromeDriver
Capabilities {acceptInsecureCerts: false, acceptSslCerts: false, applicationCacheEnabled: false, browserConnectionEnabled: false, browserName: chrome, chrome: {chromedriverVersion: 2.40.565498 (ea082db3280dd6..., userDataDir: C:\Users\ANOOPK~1\AppData\L...}, cssSelectorsEnabled: true, databaseEnabled: false, handlesAlerts: true, hasTouchScreen: false, javascriptEnabled: true, locationContextEnabled: true, mobileEmulationEnabled: false, nativeEvents: true, networkConnectionEnabled: false, pageLoadStrategy: normal, platform: XP, platformName: XP, rotatable: false, setWindowRect: true, takesHeapSnapshot: true, takesScreenshot: true, unexpectedAlertBehaviour: , unhandledPromptBehavior: , version: 67.0.3396.87, webStorageEnabled: true}
Session ID: 78c92d2b582f8f4502f045b2ddee1dc2
*** Element info: {Using=class name, value=Finish}]]>
            </message>
            <full-stacktrace>
              <![CDATA[org.openqa.selenium.NoSuchElementException: no such element: Unable to locate element: {"method":"class name","selector":"Finish"}
  (Session info: chrome=67.0.3396.87)
  (Driver info: chromedriver=2.40.565498 (ea082db3280dd6843ebfb08a625e3eb905c4f5ab),platform=Windows NT 6.3.9600 x86_64) (WARNING: The server did not provide any stacktrace information)
Command duration or timeout: 0 milliseconds
For documentation on this error, please visit: http://seleniumhq.org/exceptions/no_such_element.html
Build info: version: '3.12.0', revision: '7c6e0b3', time: '2018-05-08T14:04:26.12Z'
System info: host: 'HPDB0273', ip: '10.0.36.70', os.name: 'Windows 8.1', os.arch: 'amd64', os.version: '6.3', java.version: '1.8.0_91'
Driver info: org.openqa.selenium.chrome.ChromeDriver
Capabilities {acceptInsecureCerts: false, acceptSslCerts: false, applicationCacheEnabled: false, browserConnectionEnabled: false, browserName: chrome, chrome: {chromedriverVersion: 2.40.565498 (ea082db3280dd6..., userDataDir: C:\Users\ANOOPK~1\AppData\L...}, cssSelectorsEnabled: true, databaseEnabled: false, handlesAlerts: true, hasTouchScreen: false, javascriptEnabled: true, locationContextEnabled: true, mobileEmulationEnabled: false, nativeEvents: true, networkConnectionEnabled: false, pageLoadStrategy: normal, platform: XP, platformName: XP, rotatable: false, setWindowRect: true, takesHeapSnapshot: true, takesScreenshot: true, unexpectedAlertBehaviour: , unhandledPromptBehavior: , version: 67.0.3396.87, webStorageEnabled: true}
Session ID: 78c92d2b582f8f4502f045b2ddee1dc2
*** Element info: {Using=class name, value=Finish}
	at sun.reflect.NativeConstructorAccessorImpl.newInstance0(Native Method)
	at sun.reflect.NativeConstructorAccessorImpl.newInstance(Unknown Source)
	at sun.reflect.DelegatingConstructorAccessorImpl.newInstance(Unknown Source)
	at java.lang.reflect.Constructor.newInstance(Unknown Source)
	at org.openqa.selenium.remote.ErrorHandler.createThrowable(ErrorHandler.java:214)
	at org.openqa.selenium.remote.ErrorHandler.throwIfResponseFailed(ErrorHandler.java:166)
	at org.openqa.selenium.remote.http.JsonHttpResponseCodec.reconstructValue(JsonHttpResponseCodec.java:40)
	at org.openqa.selenium.remote.http.AbstractHttpResponseCodec.decode(AbstractHttpResponseCodec.java:80)
	at org.openqa.selenium.remote.http.AbstractHttpResponseCodec.decode(AbstractHttpResponseCodec.java:44)
	at org.openqa.selenium.remote.HttpCommandExecutor.execute(HttpCommandExecutor.java:158)
	at org.openqa.selenium.remote.service.DriverCommandExecutor.execute(DriverCommandExecutor.java:83)
	at org.openqa.selenium.remote.RemoteWebDriver.execute(RemoteWebDriver.java:543)
	at org.openqa.selenium.remote.RemoteWebDriver.findElement(RemoteWebDriver.java:317)
	at org.openqa.selenium.remote.RemoteWebDriver.findElementByClassName(RemoteWebDriver.java:403)
	at org.openqa.selenium.By$ByClassName.findElement(By.java:389)
	at org.openqa.selenium.remote.RemoteWebDriver.findElement(RemoteWebDriver.java:309)
	at org.openqa.selenium.support.pagefactory.DefaultElementLocator.findElement(DefaultElementLocator.java:69)
	at org.openqa.selenium.support.pagefactory.internal.LocatingElementHandler.invoke(LocatingElementHandler.java:38)
	at com.sun.proxy.$Proxy8.getText(Unknown Source)
	at com.qait.automation.PageObjectAutomation.TestCookieHandlingPage.returnEndText(TestCookieHandlingPage.java:25)
	at com.qait.automation.PageObjectAutomation.NewTest.testCookieHandlingPage(NewTest.java:81)
	at sun.reflect.NativeMethodAccessorImpl.invoke0(Native Method)
	at sun.reflect.NativeMethodAccessorImpl.invoke(Unknown Source)
	at sun.reflect.DelegatingMethodAccessorImpl.invoke(Unknown Source)
	at java.lang.reflect.Method.invoke(Unknown Source)
	at org.testng.internal.MethodInvocationHelper.invokeMethod(MethodInvocationHelper.java:80)
	at org.testng.internal.Invoker.invokeMethod(Invoker.java:714)
	at org.testng.internal.Invoker.invokeTestMethod(Invoker.java:901)
	at org.testng.internal.Invoker.invokeTestMethods(Invoker.java:1231)
	at org.testng.internal.TestMethodWorker.invokeTestMethods(TestMethodWorker.java:127)
	at org.testng.internal.TestMethodWorker.run(TestMethodWorker.java:111)
	at org.testng.TestRunner.privateRun(TestRunner.java:767)
	at org.testng.TestRunner.run(TestRunner.java:617)
	at org.testng.SuiteRunner.runTest(SuiteRunner.java:334)
	at org.testng.SuiteRunner.runSequentially(SuiteRunner.java:329)
	at org.testng.SuiteRunner.privateRun(SuiteRunner.java:291)
	at org.testng.SuiteRunner.run(SuiteRunner.java:240)
	at org.testng.SuiteRunnerWorker.runSuite(SuiteRunnerWorker.java:52)
	at org.testng.SuiteRunnerWorker.run(SuiteRunnerWorker.java:86)
	at org.testng.TestNG.runSuitesSequentially(TestNG.java:1198)
	at org.testng.TestNG.runSuitesLocally(TestNG.java:1123)
	at org.testng.TestNG.run(TestNG.java:1031)
	at org.testng.remote.AbstractRemoteTestNG.run(AbstractRemoteTestNG.java:114)
	at org.testng.remote.RemoteTestNG.initAndRun(RemoteTestNG.java:251)
	at org.testng.remote.RemoteTestNG.main(RemoteTestNG.java:77)
]]>
            </full-stacktrace>
          </exception> <!-- org.openqa.selenium.NoSuchElementException -->
          <reporter-output>
          </reporter-output>
        </test-method> <!-- testCookieHandlingPage -->
      </class> <!-- com.qait.automation.PageObjectAutomation.NewTest -->
    </test> <!-- Default test -->
  </suite> <!-- Default suite -->
</testng-results>
